<?xml version="1.0" encoding="UTF-8"?>
<!-- Generated by org.testng.reporters.JUnitReportReporter -->
<testsuite skipped="0" hostname="Dell-PC" name="testcase.VerifyHomePage" tests="1" failures="0" timestamp="26 Jul 2017 10:09:39 GMT" time="88.264" errors="0">
  <testcase name="testHomepage" time="88.264" classname="testcase.VerifyHomePage"/>
</testsuite> <!-- testcase.VerifyHomePage -->
